Arguments: 
  /usr/local/bin/node /usr/share/yarn/bin/yarn.js

PATH: 
  /home/teshima/ダウンロード/google-cloud-sdk-185.0.0-linux-x86_64/google-cloud-sdk/bin:/home/teshima/.rbenv/bin:/home/teshima/.go/bin:/usr/local/sbin:/usr/local/bin:/usr/sbin:/usr/bin:/sbin:/bin:/usr/games:/usr/local/games

Yarn version: 
  1.5.1

Node version: 
  9.9.0

Platform: 
  linux x64

npm manifest: 
  {
    "name": "quick-busters",
    "version": "1.0.0",
    "main": "index.js",
    "repository": "https://git.heroku.com/quick-busters.git",
    "author": "Tatsuya Teshima <terima666tatsuya@gmail.com>",
    "license": "MIT",
    "scripts": {
      "postinstall": "cd frontend && yarn install"
    },
    "cacheDirectories": [
      "node_modules",
      "frontend/node_modules"
    ],
    "engines": {
      "node": "9.9.0",
      "yarn": "1.5.1"
    }
  }

yarn manifest: 
  No manifest

Lockfile: 
  No lockfile

Trace: 
  Error: Command failed.
  Exit code: 2
  Command: sh
  Arguments: -c cd frontend && yarn install
  Directory: /home/teshima/src/git.heroku.com/quick-busters
  Output:
  
      at ProcessTermError.MessageError (/usr/share/yarn/lib/cli.js:186:110)
      at new ProcessTermError (/usr/share/yarn/lib/cli.js:226:113)
      at ChildProcess.<anonymous> (/usr/share/yarn/lib/cli.js:30281:17)
      at ChildProcess.emit (events.js:180:13)
      at maybeClose (internal/child_process.js:936:16)
      at Process.ChildProcess._handle.onexit (internal/child_process.js:220:5)
